C:\Program Files\dotnet\sdk\9.0.308\Microsoft.Common.CurrentVersion.targets(5394,5): error MSB3027: Could not copy "C:\Users\KrisChanii\Desktop\here latest system\TestingDemoFinalClutch\obj\Debug\net9.0\apphost.exe" to "bin\Debug\net9.0\TestingDemo.exe". Exceeded retry count of 10. Failed. The file is locked by: "TestingDemo (21464)" [C:\Users\KrisChanii\Desktop\here latest system\TestingDemoFinalClutch\TestingDemo.csproj]
C:\Program Files\dotnet\sdk\9.0.308\Microsoft.Common.CurrentVersion.targets(5394,5): error MSB3021: Unable to copy file "C:\Users\KrisChanii\Desktop\here latest system\TestingDemoFinalClutch\obj\Debug\net9.0\apphost.exe" to "bin\Debug\net9.0\TestingDemo.exe". The process cannot access the file 'C:\Users\KrisChanii\Desktop\here latest system\TestingDemoFinalClutch\bin\Debug\net9.0\TestingDemo.exe' because it is being used by another process. [C:\Users\KrisChanii\Desktop\here latest system\TestingDemoFinalClutch\TestingDemo.csproj]

Build FAILED.
    10 Warning(s)
    2 Error(s)

Time Elapsed 00:00:13.54

Workload updates are available. Run `dotnet workload list` for more information.
